<?xml version="1.0" encoding="UTF-8"?>
<!-- Generated by org.testng.reporters.JUnitXMLReporter -->
<testsuite ignored="0" hostname="LAPTOP-PFRODMD0" failures="0" tests="1" name="Test" time="65.526" errors="0" timestamp="2021-12-07T16:25:50 IST">
  <testcase classname="co.uk.advinia.testcases.TC001_HomePage" name="@BeforeMethod browsercode" time="65.477">
    <failure type="java.lang.NullPointerException" message="Cannot invoke &amp;quot;org.openqa.selenium.WebDriver.manage()&amp;quot; because &amp;quot;this.driver&amp;quot; is null">
      <![CDATA[java.lang.NullPointerException: Cannot invoke "org.openqa.selenium.WebDriver.manage()" because "this.driver" is null
at co.uk.advinia.testcases.TC001_HomePage.browsercode(TC001_HomePage.java:36)
at java.base/java.util.ArrayList.forEach(ArrayList.java:1511)
... Removed 31 stack frames]]>
    </failure>
  </testcase> <!-- @BeforeMethod browsercode -->
  <testcase classname="co.uk.advinia.testcases.TC001_HomePage" name="tc001" time="0.0">
    <skipped/>
  </testcase> <!-- tc001 -->
</testsuite> <!-- Test -->
